[debug] [2024-08-06T07:50:40.592Z] ----------------------------------------------------------------------
[debug] [2024-08-06T07:50:40.595Z] Command:       C:\Program Files\nodejs\node.exe C:\Program Files\nodejs\node_modules\firebase-tools\lib\bin\firebase.js init
[debug] [2024-08-06T07:50:40.596Z] CLI Version:   13.15.0
[debug] [2024-08-06T07:50:40.596Z] Platform:      win32
[debug] [2024-08-06T07:50:40.596Z] Node Version:  v18.12.0
[debug] [2024-08-06T07:50:40.598Z] Time:          Tue Aug 06 2024 09:50:40 GMT+0200 (Central European Summer Time)
[debug] [2024-08-06T07:50:40.599Z] ----------------------------------------------------------------------
[debug] 
[debug] [2024-08-06T07:50:40.611Z] > command requires scopes: ["email","openid","https://www.googleapis.com/auth/cloudplatformprojects.readonly","https://www.googleapis.com/auth/firebase","https://www.googleapis.com/auth/cloud-platform"]
[debug] [2024-08-06T07:50:40.611Z] > authorizing via signed-in user (orennpapa@gmail.com)
[info] 
     ######## #### ########  ######## ########     ###     ######  ########
     ##        ##  ##     ## ##       ##     ##  ##   ##  ##       ##
     ######    ##  ########  ######   ########  #########  ######  ######
     ##        ##  ##    ##  ##       ##     ## ##     ##       ## ##
     ##       #### ##     ## ######## ########  ##     ##  ######  ########

You're about to initialize a Firebase project in this directory:

  C:\Users\OrenPapa\finance-flow

[info] 
=== Project Setup
[info] 
[info] First, let's associate this project directory with a Firebase project.
[info] You can create multiple project aliases by running firebase use --add, 
[info] but for now we'll just set up a default project.
[info] 
[debug] [2024-08-06T07:51:45.991Z] >>> [apiv2][query] GET https://firebase.googleapis.com/v1beta1/projects pageSize=100
[debug] [2024-08-06T07:51:46.756Z] <<< [apiv2][status] GET https://firebase.googleapis.com/v1beta1/projects 200
[debug] [2024-08-06T07:51:46.756Z] <<< [apiv2][body] GET https://firebase.googleapis.com/v1beta1/projects [omitted]
[info] i  Using project finance-flow-a89b2 (finance-flow) 
[info] 
=== Database Setup
[info] i  database: ensuring required API firebasedatabase.googleapis.com is enabled... 
[debug] [2024-08-06T07:51:49.881Z] >>> [apiv2][query] GET https://serviceusage.googleapis.com/v1/projects/finance-flow-a89b2/services/firebasedatabase.googleapis.com [none]
[debug] [2024-08-06T07:51:49.881Z] >>> [apiv2][(partial)header] GET https://serviceusage.googleapis.com/v1/projects/finance-flow-a89b2/services/firebasedatabase.googleapis.com x-goog-quota-user=projects/finance-flow-a89b2
[debug] [2024-08-06T07:51:51.251Z] <<< [apiv2][status] GET https://serviceusage.googleapis.com/v1/projects/finance-flow-a89b2/services/firebasedatabase.googleapis.com 200
[debug] [2024-08-06T07:51:51.251Z] <<< [apiv2][body] GET https://serviceusage.googleapis.com/v1/projects/finance-flow-a89b2/services/firebasedatabase.googleapis.com [omitted]
[warn] !  database: missing required API firebasedatabase.googleapis.com. Enabling now... 
[debug] [2024-08-06T07:51:51.253Z] >>> [apiv2][query] POST https://serviceusage.googleapis.com/v1/projects/finance-flow-a89b2/services/firebasedatabase.googleapis.com:enable [none]
[debug] [2024-08-06T07:51:51.253Z] >>> [apiv2][(partial)header] POST https://serviceusage.googleapis.com/v1/projects/finance-flow-a89b2/services/firebasedatabase.googleapis.com:enable x-goog-quota-user=projects/finance-flow-a89b2
[debug] [2024-08-06T07:51:54.277Z] <<< [apiv2][status] POST https://serviceusage.googleapis.com/v1/projects/finance-flow-a89b2/services/firebasedatabase.googleapis.com:enable 200
[debug] [2024-08-06T07:51:54.278Z] <<< [apiv2][body] POST https://serviceusage.googleapis.com/v1/projects/finance-flow-a89b2/services/firebasedatabase.googleapis.com:enable [omitted]
[debug] [2024-08-06T07:52:04.281Z] >>> [apiv2][query] GET https://serviceusage.googleapis.com/v1/projects/finance-flow-a89b2/services/firebasedatabase.googleapis.com [none]
[debug] [2024-08-06T07:52:04.281Z] >>> [apiv2][(partial)header] GET https://serviceusage.googleapis.com/v1/projects/finance-flow-a89b2/services/firebasedatabase.googleapis.com x-goog-quota-user=projects/finance-flow-a89b2
[debug] [2024-08-06T07:52:06.185Z] <<< [apiv2][status] GET https://serviceusage.googleapis.com/v1/projects/finance-flow-a89b2/services/firebasedatabase.googleapis.com 200
[debug] [2024-08-06T07:52:06.185Z] <<< [apiv2][body] GET https://serviceusage.googleapis.com/v1/projects/finance-flow-a89b2/services/firebasedatabase.googleapis.com [omitted]
[info] +  database: required API firebasedatabase.googleapis.com is enabled 
[info] 
[debug] [2024-08-06T07:52:06.191Z] >>> [apiv2][query] GET https://firebase.googleapis.com/v1beta1/projects/finance-flow-a89b2 [none]
[debug] [2024-08-06T07:52:06.637Z] <<< [apiv2][status] GET https://firebase.googleapis.com/v1beta1/projects/finance-flow-a89b2 200
[debug] [2024-08-06T07:52:06.637Z] <<< [apiv2][body] GET https://firebase.googleapis.com/v1beta1/projects/finance-flow-a89b2 {"projectId":"finance-flow-a89b2","projectNumber":"1085818551636","displayName":"finance-flow","name":"projects/finance-flow-a89b2","resources":{"hostingSite":"finance-flow-a89b2"},"state":"ACTIVE","etag":"1_7362c361-4a36-4ff7-87e5-1b2dc8b1624d"}
[debug] [2024-08-06T07:52:19.730Z] >>> [apiv2][query] POST https://firebasedatabase.googleapis.com/v1beta/projects/finance-flow-a89b2/locations/europe-west1/instances databaseId=finance-flow-a89b2-default-rtdb&validateOnly=true
[debug] [2024-08-06T07:52:19.730Z] >>> [apiv2][body] POST https://firebasedatabase.googleapis.com/v1beta/projects/finance-flow-a89b2/locations/europe-west1/instances {"type":"default_database"}
[debug] [2024-08-06T07:52:20.887Z] <<< [apiv2][status] POST https://firebasedatabase.googleapis.com/v1beta/projects/finance-flow-a89b2/locations/europe-west1/instances 200
[debug] [2024-08-06T07:52:20.887Z] <<< [apiv2][body] POST https://firebasedatabase.googleapis.com/v1beta/projects/finance-flow-a89b2/locations/europe-west1/instances {"name":"projects/1085818551636/locations/europe-west1/instances/finance-flow-a89b2-default-rtdb","project":"projects/1085818551636","databaseUrl":"https://finance-flow-a89b2-default-rtdb.europe-west1.firebasedatabase.app","type":"DEFAULT_DATABASE","state":"ACTIVE"}
[debug] [2024-08-06T07:52:20.888Z] >>> [apiv2][query] POST https://firebasedatabase.googleapis.com/v1beta/projects/finance-flow-a89b2/locations/europe-west1/instances databaseId=finance-flow-a89b2-default-rtdb
[debug] [2024-08-06T07:52:20.888Z] >>> [apiv2][body] POST https://firebasedatabase.googleapis.com/v1beta/projects/finance-flow-a89b2/locations/europe-west1/instances {"type":"default_database"}
[debug] [2024-08-06T07:52:22.127Z] <<< [apiv2][status] POST https://firebasedatabase.googleapis.com/v1beta/projects/finance-flow-a89b2/locations/europe-west1/instances 200
[debug] [2024-08-06T07:52:22.127Z] <<< [apiv2][body] POST https://firebasedatabase.googleapis.com/v1beta/projects/finance-flow-a89b2/locations/europe-west1/instances {"name":"projects/1085818551636/locations/europe-west1/instances/finance-flow-a89b2-default-rtdb","project":"projects/1085818551636","databaseUrl":"https://finance-flow-a89b2-default-rtdb.europe-west1.firebasedatabase.app","type":"DEFAULT_DATABASE","state":"ACTIVE"}
[info] 
[info] Firebase Realtime Database Security Rules allow you to define how your data should be
[info] structured and when your data can be read from and written to.
[info] 
[debug] [2024-08-06T07:52:32.768Z] >>> [apiv2][query] GET https://finance-flow-a89b2-default-rtdb.europe-west1.firebasedatabase.app/.settings/rules.json [none]
[debug] [2024-08-06T07:52:34.520Z] <<< [apiv2][status] GET https://finance-flow-a89b2-default-rtdb.europe-west1.firebasedatabase.app/.settings/rules.json 200
[debug] [2024-08-06T07:52:34.520Z] <<< [apiv2][body] GET https://finance-flow-a89b2-default-rtdb.europe-west1.firebasedatabase.app/.settings/rules.json [stream]
[info] +  Database Rules for finance-flow-a89b2-default-rtdb have been written to database.rules.json. 
[info] Future modifications to database.rules.json will update Realtime Database Security Rules when you run
[info] firebase deploy.
[info] 
=== Firestore Setup
[debug] [2024-08-06T07:52:34.527Z] >>> [apiv2][query] GET https://serviceusage.googleapis.com/v1/projects/finance-flow-a89b2/services/firestore.googleapis.com [none]
[debug] [2024-08-06T07:52:34.527Z] >>> [apiv2][(partial)header] GET https://serviceusage.googleapis.com/v1/projects/finance-flow-a89b2/services/firestore.googleapis.com x-goog-quota-user=projects/finance-flow-a89b2
[debug] [2024-08-06T07:52:35.703Z] <<< [apiv2][status] GET https://serviceusage.googleapis.com/v1/projects/finance-flow-a89b2/services/firestore.googleapis.com 200
[debug] [2024-08-06T07:52:35.703Z] <<< [apiv2][body] GET https://serviceusage.googleapis.com/v1/projects/finance-flow-a89b2/services/firestore.googleapis.com [omitted]
[debug] [2024-08-06T07:52:35.704Z] >>> [apiv2][query] GET https://firestore.googleapis.com/v1/projects/finance-flow-a89b2/databases/(default) [none]
[debug] [2024-08-06T07:52:37.170Z] <<< [apiv2][status] GET https://firestore.googleapis.com/v1/projects/finance-flow-a89b2/databases/(default) 200
[debug] [2024-08-06T07:52:37.171Z] <<< [apiv2][body] GET https://firestore.googleapis.com/v1/projects/finance-flow-a89b2/databases/(default) {"name":"projects/finance-flow-a89b2/databases/(default)","uid":"86bd31c1-ab9d-4c51-8d25-137ae6fee415","createTime":"2024-08-06T07:40:53.337875Z","updateTime":"2024-08-06T07:40:53.337875Z","locationId":"eur3","type":"FIRESTORE_NATIVE","concurrencyMode":"PESSIMISTIC","versionRetentionPeriod":"3600s","earliestVersionTime":"2024-08-06T07:40:53.337875Z","appEngineIntegrationMode":"DISABLED","keyPrefix":"e","pointInTimeRecoveryEnablement":"POINT_IN_TIME_RECOVERY_DISABLED","deleteProtectionState":"DELETE_PROTECTION_DISABLED","etag":"INORgZ7x34cDMJOmtc7u34cD"}
[debug] [2024-08-06T07:52:37.171Z] database_type: FIRESTORE_NATIVE
[debug] [2024-08-06T07:52:37.171Z] > command requires scopes: ["email","openid","https://www.googleapis.com/auth/cloudplatformprojects.readonly","https://www.googleapis.com/auth/firebase","https://www.googleapis.com/auth/cloud-platform"]
[debug] [2024-08-06T07:52:37.172Z] > authorizing via signed-in user (orennpapa@gmail.com)
[debug] [2024-08-06T07:52:37.172Z] [iam] checking project finance-flow-a89b2 for permissions ["firebase.projects.get"]
[debug] [2024-08-06T07:52:37.173Z] >>> [apiv2][query] POST https://cloudresourcemanager.googleapis.com/v1/projects/finance-flow-a89b2:testIamPermissions [none]
[debug] [2024-08-06T07:52:37.173Z] >>> [apiv2][(partial)header] POST https://cloudresourcemanager.googleapis.com/v1/projects/finance-flow-a89b2:testIamPermissions x-goog-quota-user=projects/finance-flow-a89b2
[debug] [2024-08-06T07:52:37.173Z] >>> [apiv2][body] POST https://cloudresourcemanager.googleapis.com/v1/projects/finance-flow-a89b2:testIamPermissions {"permissions":["firebase.projects.get"]}
[debug] [2024-08-06T07:52:38.149Z] <<< [apiv2][status] POST https://cloudresourcemanager.googleapis.com/v1/projects/finance-flow-a89b2:testIamPermissions 200
[debug] [2024-08-06T07:52:38.149Z] <<< [apiv2][body] POST https://cloudresourcemanager.googleapis.com/v1/projects/finance-flow-a89b2:testIamPermissions {"permissions":["firebase.projects.get"]}
[info] 
[info] Firestore Security Rules allow you to define how and when to allow
[info] requests. You can keep these rules in your project directory
[info] and publish them with firebase deploy.
[info] 
[debug] [2024-08-06T07:52:41.863Z] >>> [apiv2][query] GET https://firebaserules.googleapis.com/v1/projects/finance-flow-a89b2/releases pageSize=10&pageToken=
[debug] [2024-08-06T07:52:42.413Z] <<< [apiv2][status] GET https://firebaserules.googleapis.com/v1/projects/finance-flow-a89b2/releases 200
[debug] [2024-08-06T07:52:42.414Z] <<< [apiv2][body] GET https://firebaserules.googleapis.com/v1/projects/finance-flow-a89b2/releases {"releases":[{"name":"projects/finance-flow-a89b2/releases/cloud.firestore","rulesetName":"projects/finance-flow-a89b2/rulesets/0906208c-8a4d-4696-87ac-dcc604cd76f4","createTime":"2024-08-06T07:41:00.001369Z","updateTime":"2024-08-06T07:41:00.001369Z"}]}
[debug] [2024-08-06T07:52:42.414Z] Found ruleset: projects/finance-flow-a89b2/rulesets/0906208c-8a4d-4696-87ac-dcc604cd76f4
[debug] [2024-08-06T07:52:42.414Z] >>> [apiv2][query] GET https://firebaserules.googleapis.com/v1/projects/finance-flow-a89b2/rulesets/0906208c-8a4d-4696-87ac-dcc604cd76f4 [none]
[debug] [2024-08-06T07:52:43.296Z] <<< [apiv2][status] GET https://firebaserules.googleapis.com/v1/projects/finance-flow-a89b2/rulesets/0906208c-8a4d-4696-87ac-dcc604cd76f4 200
[debug] [2024-08-06T07:52:43.296Z] <<< [apiv2][body] GET https://firebaserules.googleapis.com/v1/projects/finance-flow-a89b2/rulesets/0906208c-8a4d-4696-87ac-dcc604cd76f4 [omitted]
[info] 
[info] Firestore indexes allow you to perform complex queries while
[info] maintaining performance that scales with the size of the result
[info] set. You can keep index definitions in your project directory
[info] and publish them with firebase deploy.
[info] 
[debug] [2024-08-06T07:52:45.270Z] >>> [apiv2][query] GET https://firestore.googleapis.com/v1/projects/finance-flow-a89b2/databases/(default)/collectionGroups/-/indexes [none]
[debug] [2024-08-06T07:52:45.272Z] >>> [apiv2][query] GET https://firestore.googleapis.com/v1/projects/finance-flow-a89b2/databases/(default)/collectionGroups/-/fields?filter=indexConfig.usesAncestorConfig=false OR ttlConfig:* [none]
[debug] [2024-08-06T07:52:45.649Z] <<< [apiv2][status] GET https://firestore.googleapis.com/v1/projects/finance-flow-a89b2/databases/(default)/collectionGroups/-/indexes 200
[debug] [2024-08-06T07:52:45.649Z] <<< [apiv2][body] GET https://firestore.googleapis.com/v1/projects/finance-flow-a89b2/databases/(default)/collectionGroups/-/indexes {}
[debug] [2024-08-06T07:52:46.409Z] <<< [apiv2][status] GET https://firestore.googleapis.com/v1/projects/finance-flow-a89b2/databases/(default)/collectionGroups/-/fields?filter=indexConfig.usesAncestorConfig=false OR ttlConfig:* 200
[debug] [2024-08-06T07:52:46.410Z] <<< [apiv2][body] GET https://firestore.googleapis.com/v1/projects/finance-flow-a89b2/databases/(default)/collectionGroups/-/fields?filter=indexConfig.usesAncestorConfig=false OR ttlConfig:* {"fields":[{"name":"projects/finance-flow-a89b2/databases/(default)/collectionGroups/__default__/fields/*","indexConfig":{"indexes":[{"queryScope":"COLLECTION","fields":[{"fieldPath":"*","order":"ASCENDING"}],"state":"READY"},{"queryScope":"COLLECTION","fields":[{"fieldPath":"*","order":"DESCENDING"}],"state":"READY"},{"queryScope":"COLLECTION","fields":[{"fieldPath":"*","arrayConfig":"CONTAINS"}],"state":"READY"}]}}]}
[info] 
=== Functions Setup
[debug] [2024-08-06T07:52:46.414Z] > command requires scopes: ["email","openid","https://www.googleapis.com/auth/cloudplatformprojects.readonly","https://www.googleapis.com/auth/firebase","https://www.googleapis.com/auth/cloud-platform"]
[debug] [2024-08-06T07:52:46.415Z] > authorizing via signed-in user (orennpapa@gmail.com)
[debug] [2024-08-06T07:52:46.415Z] [iam] checking project finance-flow-a89b2 for permissions ["firebase.projects.get"]
[debug] [2024-08-06T07:52:46.415Z] >>> [apiv2][query] POST https://cloudresourcemanager.googleapis.com/v1/projects/finance-flow-a89b2:testIamPermissions [none]
[debug] [2024-08-06T07:52:46.415Z] >>> [apiv2][(partial)header] POST https://cloudresourcemanager.googleapis.com/v1/projects/finance-flow-a89b2:testIamPermissions x-goog-quota-user=projects/finance-flow-a89b2
[debug] [2024-08-06T07:52:46.415Z] >>> [apiv2][body] POST https://cloudresourcemanager.googleapis.com/v1/projects/finance-flow-a89b2:testIamPermissions {"permissions":["firebase.projects.get"]}
[debug] [2024-08-06T07:52:47.329Z] <<< [apiv2][status] POST https://cloudresourcemanager.googleapis.com/v1/projects/finance-flow-a89b2:testIamPermissions 200
[debug] [2024-08-06T07:52:47.329Z] <<< [apiv2][body] POST https://cloudresourcemanager.googleapis.com/v1/projects/finance-flow-a89b2:testIamPermissions {"permissions":["firebase.projects.get"]}
[debug] [2024-08-06T07:52:47.330Z] >>> [apiv2][query] GET https://serviceusage.googleapis.com/v1/projects/finance-flow-a89b2/services/cloudfunctions.googleapis.com [none]
[debug] [2024-08-06T07:52:47.330Z] >>> [apiv2][(partial)header] GET https://serviceusage.googleapis.com/v1/projects/finance-flow-a89b2/services/cloudfunctions.googleapis.com x-goog-quota-user=projects/finance-flow-a89b2
[debug] [2024-08-06T07:52:47.334Z] >>> [apiv2][query] GET https://serviceusage.googleapis.com/v1/projects/finance-flow-a89b2/services/runtimeconfig.googleapis.com [none]
[debug] [2024-08-06T07:52:47.335Z] >>> [apiv2][(partial)header] GET https://serviceusage.googleapis.com/v1/projects/finance-flow-a89b2/services/runtimeconfig.googleapis.com x-goog-quota-user=projects/finance-flow-a89b2
[debug] [2024-08-06T07:52:48.490Z] <<< [apiv2][status] GET https://serviceusage.googleapis.com/v1/projects/finance-flow-a89b2/services/cloudfunctions.googleapis.com 200
[debug] [2024-08-06T07:52:48.490Z] <<< [apiv2][body] GET https://serviceusage.googleapis.com/v1/projects/finance-flow-a89b2/services/cloudfunctions.googleapis.com [omitted]
[debug] [2024-08-06T07:52:48.490Z] >>> [apiv2][query] POST https://serviceusage.googleapis.com/v1/projects/finance-flow-a89b2/services/cloudfunctions.googleapis.com:enable [none]
[debug] [2024-08-06T07:52:48.490Z] >>> [apiv2][(partial)header] POST https://serviceusage.googleapis.com/v1/projects/finance-flow-a89b2/services/cloudfunctions.googleapis.com:enable x-goog-quota-user=projects/finance-flow-a89b2
[debug] [2024-08-06T07:52:48.525Z] <<< [apiv2][status] GET https://serviceusage.googleapis.com/v1/projects/finance-flow-a89b2/services/runtimeconfig.googleapis.com 200
[debug] [2024-08-06T07:52:48.525Z] <<< [apiv2][body] GET https://serviceusage.googleapis.com/v1/projects/finance-flow-a89b2/services/runtimeconfig.googleapis.com [omitted]
[debug] [2024-08-06T07:52:49.893Z] <<< [apiv2][status] POST https://serviceusage.googleapis.com/v1/projects/finance-flow-a89b2/services/cloudfunctions.googleapis.com:enable 200
[debug] [2024-08-06T07:52:49.893Z] <<< [apiv2][body] POST https://serviceusage.googleapis.com/v1/projects/finance-flow-a89b2/services/cloudfunctions.googleapis.com:enable [omitted]
[debug] [2024-08-06T07:52:59.894Z] >>> [apiv2][query] GET https://serviceusage.googleapis.com/v1/projects/finance-flow-a89b2/services/cloudfunctions.googleapis.com [none]
[debug] [2024-08-06T07:52:59.894Z] >>> [apiv2][(partial)header] GET https://serviceusage.googleapis.com/v1/projects/finance-flow-a89b2/services/cloudfunctions.googleapis.com x-goog-quota-user=projects/finance-flow-a89b2
[debug] [2024-08-06T07:53:01.099Z] <<< [apiv2][status] GET https://serviceusage.googleapis.com/v1/projects/finance-flow-a89b2/services/cloudfunctions.googleapis.com 200
[debug] [2024-08-06T07:53:01.100Z] <<< [apiv2][body] GET https://serviceusage.googleapis.com/v1/projects/finance-flow-a89b2/services/cloudfunctions.googleapis.com [omitted]
[info] Let's create a new codebase for your functions.
[info] A directory corresponding to the codebase will be created in your project
[info] with sample code pre-configured.

[info] See https://firebase.google.com/docs/functions/organize-functions for
[info] more information on organizing your functions using codebases.

[info] Functions can be deployed with firebase deploy.

[info] +  Wrote functions/package.json 
[info] +  Wrote functions/.eslintrc.js 
[info] +  Wrote functions/tsconfig.json 
[info] +  Wrote functions/tsconfig.dev.json 
[info] +  Wrote functions/src/index.ts 
[info] +  Wrote functions/.gitignore 
[info] 
=== Hosting Setup
[debug] [2024-08-06T07:53:57.252Z] >>> [apiv2][query] GET https://firebase.googleapis.com/v1beta1/projects/finance-flow-a89b2 [none]
[debug] [2024-08-06T07:53:57.710Z] <<< [apiv2][status] GET https://firebase.googleapis.com/v1beta1/projects/finance-flow-a89b2 200
[debug] [2024-08-06T07:53:57.710Z] <<< [apiv2][body] GET https://firebase.googleapis.com/v1beta1/projects/finance-flow-a89b2 {"projectId":"finance-flow-a89b2","projectNumber":"1085818551636","displayName":"finance-flow","name":"projects/finance-flow-a89b2","resources":{"hostingSite":"finance-flow-a89b2","realtimeDatabaseInstance":"finance-flow-a89b2-default-rtdb"},"state":"ACTIVE","etag":"1_7362c361-4a36-4ff7-87e5-1b2dc8b1624d"}
[info] 
[info] Your public directory is the folder (relative to your project directory) that
[info] will contain Hosting assets to be uploaded with firebase deploy. If you
[info] have a build process for your assets, use your build's output directory.
[info] 
[debug] [2024-08-06T07:54:17.216Z] >>> [apiv2][query] GET https://www.gstatic.com/firebasejs/releases.json [none]
[debug] [2024-08-06T07:54:18.087Z] <<< [apiv2][status] GET https://www.gstatic.com/firebasejs/releases.json 200
[debug] [2024-08-06T07:54:18.087Z] <<< [apiv2][body] GET https://www.gstatic.com/firebasejs/releases.json {"current":{"version":"10.12.5","browserURL":"https://www.gstatic.com/firebasejs/10.12.5/firebase.js","packageURL":"https://www.gstatic.com/firebasejs/10.12.5/firebase.tgz"},"live":{"version":"10.12","browserURL":"https://www.gstatic.com/firebasejs/live/10.12/firebase.js","packageURL":"https://www.gstatic.com/firebasejs/live/10.12/firebase.tgz"},"components":{"analytics":"https://www.gstatic.com/firebasejs/10.12.5/firebase-analytics.js","app":"https://www.gstatic.com/firebasejs/10.12.5/firebase-app.js","app-check":"https://www.gstatic.com/firebasejs/10.12.5/firebase-app-check.js","auth":"https://www.gstatic.com/firebasejs/10.12.5/firebase-auth.js","auth/cordova":"https://www.gstatic.com/firebasejs/10.12.5/firebase-auth/cordova.js","auth/web-extension":"https://www.gstatic.com/firebasejs/10.12.5/firebase-auth/web-extension.js","functions":"https://www.gstatic.com/firebasejs/10.12.5/firebase-functions.js","firestore":"https://www.gstatic.com/firebasejs/10.12.5/firebase-firestore.js","firestore/lite":"https://www.gstatic.com/firebasejs/10.12.5/firebase-firestore/lite.js","installations":"https://www.gstatic.com/firebasejs/10.12.5/firebase-installations.js","storage":"https://www.gstatic.com/firebasejs/10.12.5/firebase-storage.js","performance":"https://www.gstatic.com/firebasejs/10.12.5/firebase-performance.js","remote-config":"https://www.gstatic.com/firebasejs/10.12.5/firebase-remote-config.js","messaging":"https://www.gstatic.com/firebasejs/10.12.5/firebase-messaging.js","messaging/sw":"https://www.gstatic.com/firebasejs/10.12.5/firebase-messaging/sw.js","database":"https://www.gstatic.com/firebasejs/10.12.5/firebase-database.js","vertexai-preview":"https://www.gstatic.com/firebasejs/10.12.5/firebase-vertexai-preview.js","firestore.memory":"https://www.gstatic.com/firebasejs/10.12.5/firebase-firestore.memory.js"}}
[info] +  Wrote public/index.html 
[info] 
[info] i  Didn't detect a .git folder. Assuming C:\Users\OrenPapa\finance-flow is the project root. 
[info] i  Authorizing with GitHub to upload your service account to a GitHub repository's secrets store. 
[info] 
[info] Visit this URL on this device to log in:
[info] https://github.com/login/oauth/authorize?client_id=89cf50f02ac6aaed3484&state=1063726799&redirect_uri=http%3A%2F%2Flocalhost%3A9005&scope=read%3Auser%20repo%20public_repo
[info] 
[info] Waiting for authentication...
[debug] [2024-08-06T07:54:40.596Z] >>> [apiv2][query] POST https://github.com/login/oauth/access_token [none]
[debug] [2024-08-06T07:54:40.597Z] >>> [apiv2][body] POST https://github.com/login/oauth/access_token [stream]
[debug] [2024-08-06T07:54:40.920Z] <<< [apiv2][status] POST https://github.com/login/oauth/access_token 200
[debug] [2024-08-06T07:54:40.920Z] <<< [apiv2][body] POST https://github.com/login/oauth/access_token {"access_token":"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","token_type":"bearer","scope":"read:user,repo"}
[debug] [2024-08-06T07:54:40.926Z] >>> [apiv2][query] GET https://api.github.com/user [none]
[debug] [2024-08-06T07:54:41.294Z] <<< [apiv2][status] GET https://api.github.com/user 200
[debug] [2024-08-06T07:54:41.294Z] <<< [apiv2][body] GET https://api.github.com/user {"login":"OrenPapa","id":91418479,"node_id":"MDQ6VXNlcjkxNDE4NDc5","avatar_url":"https://avatars.githubusercontent.com/u/91418479?v=4","gravatar_id":"","url":"https://api.github.com/users/OrenPapa","html_url":"https://github.com/OrenPapa","followers_url":"https://api.github.com/users/OrenPapa/followers","following_url":"https://api.github.com/users/OrenPapa/following{/other_user}","gists_url":"https://api.github.com/users/OrenPapa/gists{/gist_id}","starred_url":"https://api.github.com/users/OrenPapa/starred{/owner}{/repo}","subscriptions_url":"https://api.github.com/users/OrenPapa/subscriptions","organizations_url":"https://api.github.com/users/OrenPapa/orgs","repos_url":"https://api.github.com/users/OrenPapa/repos","events_url":"https://api.github.com/users/OrenPapa/events{/privacy}","received_events_url":"https://api.github.com/users/OrenPapa/received_events","type":"User","site_admin":false,"name":null,"company":null,"blog":"","location":null,"email":null,"hireable":null,"bio":null,"twitter_username":null,"notification_email":null,"public_repos":2,"public_gists":0,"followers":1,"following":0,"created_at":"2021-09-26T12:34:48Z","updated_at":"2024-05-30T12:56:05Z","private_gists":0,"total_private_repos":7,"owned_private_repos":6,"disk_usage":13031,"collaborators":0,"two_factor_authentication":false,"plan":{"name":"free","space":976562499,"collaborators":0,"private_repos":10000}}
[info] 
[info] +  Success! Logged into GitHub as OrenPapa 
[info] 
[debug] [2024-08-06T07:55:35.885Z] >>> [apiv2][query] GET https://api.github.com/repos//actions/secrets/public-key type=owner
[debug] [2024-08-06T07:55:36.135Z] <<< [apiv2][status] GET https://api.github.com/repos//actions/secrets/public-key 404
[debug] [2024-08-06T07:55:36.135Z] <<< [apiv2][body] GET https://api.github.com/repos//actions/secrets/public-key {"message":"Not Found","documentation_url":"https://docs.github.com/rest","status":"404"}
[info] 
[info] 
[error] !  The provided authorization cannot be used with this repository. If this repository is in an organization, did you remember to grant access? 
[info] 
[info] i  Action required: Visit this URL to ensure access has been granted to the appropriate organization(s) for the Firebase CLI GitHub OAuth App: 
[info] https://github.com/settings/connections/applications/89cf50f02ac6aaed3484
[info] 
[debug] [2024-08-06T07:55:37.662Z] >>> [apiv2][query] GET https://api.github.com/repos//actions/secrets/public-key type=owner
[debug] [2024-08-06T07:55:37.914Z] <<< [apiv2][status] GET https://api.github.com/repos//actions/secrets/public-key 404
[debug] [2024-08-06T07:55:37.915Z] <<< [apiv2][body] GET https://api.github.com/repos//actions/secrets/public-key {"message":"Not Found","documentation_url":"https://docs.github.com/rest","status":"404"}
[info] 
[info] 
[error] !  The provided authorization cannot be used with this repository. If this repository is in an organization, did you remember to grant access? 
[info] 
[info] i  Action required: Visit this URL to ensure access has been granted to the appropriate organization(s) for the Firebase CLI GitHub OAuth App: 
[info] https://github.com/settings/connections/applications/89cf50f02ac6aaed3484
[info] 
[debug] [2024-08-06T07:55:57.124Z] >>> [apiv2][query] GET https://api.github.com/repos/finance-flow/actions/secrets/public-key type=owner
[debug] [2024-08-06T07:55:57.413Z] <<< [apiv2][status] GET https://api.github.com/repos/finance-flow/actions/secrets/public-key 404
[debug] [2024-08-06T07:55:57.413Z] <<< [apiv2][body] GET https://api.github.com/repos/finance-flow/actions/secrets/public-key {"message":"Not Found","documentation_url":"https://docs.github.com/rest","status":"404"}
[info] 
[info] 
[error] !  The provided authorization cannot be used with this repository. If this repository is in an organization, did you remember to grant access? 
[info] 
[info] i  Action required: Visit this URL to ensure access has been granted to the appropriate organization(s) for the Firebase CLI GitHub OAuth App: 
[info] https://github.com/settings/connections/applications/89cf50f02ac6aaed3484
[info] 
[debug] [2024-08-06T07:55:58.782Z] >>> [apiv2][query] GET https://api.github.com/repos/finance-flow/actions/secrets/public-key type=owner
[debug] [2024-08-06T07:55:59.033Z] <<< [apiv2][status] GET https://api.github.com/repos/finance-flow/actions/secrets/public-key 404
[debug] [2024-08-06T07:55:59.033Z] <<< [apiv2][body] GET https://api.github.com/repos/finance-flow/actions/secrets/public-key {"message":"Not Found","documentation_url":"https://docs.github.com/rest","status":"404"}
[info] 
[info] 
[error] !  The provided authorization cannot be used with this repository. If this repository is in an organization, did you remember to grant access? 
[info] 
[info] i  Action required: Visit this URL to ensure access has been granted to the appropriate organization(s) for the Firebase CLI GitHub OAuth App: 
[info] https://github.com/settings/connections/applications/89cf50f02ac6aaed3484
[info] 
